c:\users\bsbs7\onedrive - sejong university\공부\영상처리\과제5\project5_encoder_hw\project5\x64\debug\vc142.pdb
c:\users\bsbs7\onedrive - sejong university\공부\영상처리\과제5\project5_encoder_hw\project5\x64\debug\vc142.idb
c:\users\bsbs7\onedrive - sejong university\공부\영상처리\과제5\project5_encoder_hw\project5\x64\debug\main.obj
c:\users\bsbs7\onedrive - sejong university\공부\영상처리\과제5\project5_encoder_hw\project5\x64\debug\image.obj
c:\users\bsbs7\onedrive - sejong university\공부\영상처리\과제5\project5_encoder_hw\project5\x64\debug\encoder.obj
c:\users\bsbs7\onedrive - sejong university\공부\영상처리\과제5\project5_encoder_hw\project5\x64\debug\transform.obj
c:\users\bsbs7\onedrive - sejong university\공부\영상처리\과제5\project5_encoder_hw\project5\x64\debug\quantization.obj
c:\users\bsbs7\onedrive - sejong university\공부\영상처리\과제5\project5_encoder_hw\project5\x64\debug\prediction.obj
c:\users\bsbs7\onedrive - sejong university\공부\영상처리\과제5\project5_encoder_hw\project5\x64\debug\padding.obj
c:\users\bsbs7\onedrive - sejong university\공부\영상처리\과제5\project5_encoder_hw\project5\x64\debug\entropy.obj
c:\users\bsbs7\onedrive - sejong university\공부\영상처리\과제5\project5_encoder_hw\x64\debug\project5.exe
c:\users\bsbs7\onedrive - sejong university\공부\영상처리\과제5\project5_encoder_hw\x64\debug\project5.ilk
c:\users\bsbs7\onedrive - sejong university\공부\영상처리\과제5\project5_encoder_hw\x64\debug\project5.pdb
c:\users\bsbs7\onedrive - sejong university\공부\영상처리\과제5\project5_encoder_hw\project5\x64\debug\entropy-desktop-p94u2mk.obj
c:\users\bsbs7\onedrive - sejong university\공부\영상처리\과제5\project5_encoder_hw\project5\x64\debug\transform-desktop-p94u2mk.obj
c:\users\bsbs7\onedrive - sejong university\공부\영상처리\과제5\project5_encoder_hw\project5\x64\debug\project5.tlog\cl.command.1-desktop-p94u2mk.tlog
c:\users\bsbs7\onedrive - sejong university\공부\영상처리\과제5\project5_encoder_hw\project5\x64\debug\project5.tlog\cl.command.1.tlog
c:\users\bsbs7\onedrive - sejong university\공부\영상처리\과제5\project5_encoder_hw\project5\x64\debug\project5.tlog\cl.read.1-desktop-p94u2mk.tlog
c:\users\bsbs7\onedrive - sejong university\공부\영상처리\과제5\project5_encoder_hw\project5\x64\debug\project5.tlog\cl.write.1-desktop-p94u2mk.tlog
c:\users\bsbs7\onedrive - sejong university\공부\영상처리\과제5\project5_encoder_hw\project5\x64\debug\project5.tlog\link.command.1.tlog
c:\users\bsbs7\onedrive - sejong university\공부\영상처리\과제5\project5_encoder_hw\project5\x64\debug\project5.tlog\link.read.1-desktop-p94u2mk.tlog
c:\users\bsbs7\onedrive - sejong university\공부\영상처리\과제5\project5_encoder_hw\project5\x64\debug\project5.tlog\link.write.1.tlog
